<?xml version="1.0" encoding="UTF-8"?>
<testng-results ignored="0" total="3" passed="3" failed="0" skipped="0">
  <reporter-output>
    <line>
      <![CDATA[Test started]]>
    </line>
    <line>
      <![CDATA[Pass: Customer has Created Successfully and it is verified]]>
    </line>
    <line>
      <![CDATA[Test success]]>
    </line>
    <line>
      <![CDATA[Test started]]>
    </line>
    <line>
      <![CDATA[Pass: Project has created successfully and it is verified.]]>
    </line>
    <line>
      <![CDATA[Test success]]>
    </line>
    <line>
      <![CDATA[Test started]]>
    </line>
    <line>
      <![CDATA[Pass: Task has created successfully and it is verified.]]>
    </line>
    <line>
      <![CDATA[Test success]]>
    </line>
  </reporter-output>
  <suite started-at="2023-07-25T21:39:08 IST" name="Default suite" finished-at="2023-07-25T21:40:02 IST" duration-ms="53792">
    <groups>
    </groups>
    <test started-at="2023-07-25T21:39:08 IST" name="Default test" finished-at="2023-07-25T21:40:02 IST" duration-ms="53792">
      <class name="com.Actitme.testscripts.ActitimeTestClass">
        <test-method is-config="true" signature="openBrowser()[pri:0, instance:com.Actitme.testscripts.ActitimeTestClass@7eac9008]" started-at="2023-07-25T21:39:08 IST" name="openBrowser" finished-at="2023-07-25T21:39:12 IST" duration-ms="4178" status="PASS">
          <reporter-output>
          </reporter-output>
        </test-method> <!-- openBrowser -->
        <test-method is-config="true" signature="loginTest()[pri:0, instance:com.Actitme.testscripts.ActitimeTestClass@7eac9008]" started-at="2023-07-25T21:39:12 IST" name="loginTest" finished-at="2023-07-25T21:39:20 IST" duration-ms="7951" status="PASS">
          <reporter-output>
          </reporter-output>
        </test-method> <!-- loginTest -->
        <test-method signature="createCustomerTest()[pri:0, instance:com.Actitme.testscripts.ActitimeTestClass@7eac9008]" started-at="2023-07-25T21:39:20 IST" name="createCustomerTest" finished-at="2023-07-25T21:39:33 IST" duration-ms="12478" status="PASS">
          <reporter-output>
            <line>
              <![CDATA[Test started]]>
            </line>
            <line>
              <![CDATA[Pass: Customer has Created Successfully and it is verified]]>
            </line>
            <line>
              <![CDATA[Test success]]>
            </line>
          </reporter-output>
        </test-method> <!-- createCustomerTest -->
        <test-method is-config="true" signature="logout()[pri:0, instance:com.Actitme.testscripts.ActitimeTestClass@7eac9008]" started-at="2023-07-25T21:39:33 IST" name="logout" finished-at="2023-07-25T21:39:35 IST" duration-ms="1726" status="PASS">
          <reporter-output>
          </reporter-output>
        </test-method> <!-- logout -->
        <test-method is-config="true" signature="loginTest()[pri:0, instance:com.Actitme.testscripts.ActitimeTestClass@7eac9008]" started-at="2023-07-25T21:39:35 IST" name="loginTest" finished-at="2023-07-25T21:39:37 IST" duration-ms="2067" status="PASS">
          <reporter-output>
          </reporter-output>
        </test-method> <!-- loginTest -->
        <test-method signature="createProjectTest()[pri:0, instance:com.Actitme.testscripts.ActitimeTestClass@7eac9008]" started-at="2023-07-25T21:39:37 IST" name="createProjectTest" finished-at="2023-07-25T21:39:46 IST" duration-ms="9385" status="PASS">
          <reporter-output>
            <line>
              <![CDATA[Test started]]>
            </line>
            <line>
              <![CDATA[Pass: Project has created successfully and it is verified.]]>
            </line>
            <line>
              <![CDATA[Test success]]>
            </line>
          </reporter-output>
        </test-method> <!-- createProjectTest -->
        <test-method is-config="true" signature="logout()[pri:0, instance:com.Actitme.testscripts.ActitimeTestClass@7eac9008]" started-at="2023-07-25T21:39:46 IST" name="logout" finished-at="2023-07-25T21:39:48 IST" duration-ms="1744" status="PASS">
          <reporter-output>
          </reporter-output>
        </test-method> <!-- logout -->
        <test-method is-config="true" signature="loginTest()[pri:0, instance:com.Actitme.testscripts.ActitimeTestClass@7eac9008]" started-at="2023-07-25T21:39:48 IST" name="loginTest" finished-at="2023-07-25T21:39:50 IST" duration-ms="1974" status="PASS">
          <reporter-output>
          </reporter-output>
        </test-method> <!-- loginTest -->
        <test-method signature="createTaskTest()[pri:0, instance:com.Actitme.testscripts.ActitimeTestClass@7eac9008]" started-at="2023-07-25T21:39:50 IST" name="createTaskTest" finished-at="2023-07-25T21:39:59 IST" duration-ms="9008" status="PASS">
          <reporter-output>
            <line>
              <![CDATA[Test started]]>
            </line>
            <line>
              <![CDATA[Pass: Task has created successfully and it is verified.]]>
            </line>
            <line>
              <![CDATA[Test success]]>
            </line>
          </reporter-output>
        </test-method> <!-- createTaskTest -->
        <test-method is-config="true" signature="logout()[pri:0, instance:com.Actitme.testscripts.ActitimeTestClass@7eac9008]" started-at="2023-07-25T21:39:59 IST" name="logout" finished-at="2023-07-25T21:40:01 IST" duration-ms="2579" status="PASS">
          <reporter-output>
          </reporter-output>
        </test-method> <!-- logout -->
        <test-method is-config="true" signature="closeBrowser()[pri:0, instance:com.Actitme.testscripts.ActitimeTestClass@7eac9008]" started-at="2023-07-25T21:40:01 IST" name="closeBrowser" finished-at="2023-07-25T21:40:02 IST" duration-ms="604" status="PASS">
          <reporter-output>
          </reporter-output>
        </test-method> <!-- closeBrowser -->
      </class> <!-- com.Actitme.testscripts.ActitimeTestClass -->
    </test> <!-- Default test -->
  </suite> <!-- Default suite -->
</testng-results>
