<?xml version="1.0" encoding="UTF-8"?>
<!-- Generated by org.testng.reporters.JUnitXMLReporter -->
<testsuite ignored="0" hostname="DESKTOP-GNM24T0" failures="0" tests="3" name="Default test" time="53.792" errors="0" timestamp="2023-07-25T21:40:02 IST">
  <testcase classname="com.Actitme.testscripts.ActitimeTestClass" name="createCustomerTest" time="12.478"/>
  <testcase classname="com.Actitme.testscripts.ActitimeTestClass" name="createProjectTest" time="9.385"/>
  <testcase classname="com.Actitme.testscripts.ActitimeTestClass" name="createTaskTest" time="9.008"/>
</testsuite> <!-- Default test -->
